2019-12-26 18:15:03,525 [      0]   INFO - etbrains.jps.cmdline.BuildMain - ==================================================
2019-12-26 18:15:03,525 [      0]   INFO - etbrains.jps.cmdline.BuildMain - Build process started. Classpath: C:/Users/Administrator/.gradle/caches/modules-2/files-2.1/com.jetbrains.intellij.idea/ideaIU/2018.3.6/2e2c15e56d37d92191897f961b66978907e5e3f8/ideaIU-2018.3.6/lib/jps-launcher.jar;C:/Program Files/Java/jdk1.8.0_202/lib/tools.jar;C:/Users/Administrator/.gradle/caches/modules-2/files-2.1/com.jetbrains.intellij.idea/ideaIU/2018.3.6/2e2c15e56d37d92191897f961b66978907e5e3f8/ideaIU-2018.3.6/lib/optimizedFileManager.jar
2019-12-26 18:15:04,098 [    573]   INFO - etbrains.jps.cmdline.BuildMain - Connection to IDE established in 553 ms
2019-12-26 18:15:04,263 [    738]   INFO - jps.cmdline.JpsModelLoaderImpl - Loading model: project path = E:/booststrap, global options path = E:/GradelDemos/DotaPackage/build/idea-sandbox/config/options
2019-12-26 18:15:04,820 [   1295]   INFO - jps.cmdline.JpsModelLoaderImpl - Model loaded in 557 ms
2019-12-26 18:15:04,821 [   1296]   INFO - jps.cmdline.JpsModelLoaderImpl - Project has 1 modules, 32 libraries
2019-12-26 18:15:04,945 [   1420]   INFO - ellij.util.io.PagedFileStorage - lower=100; upper=500; buffer=10; max=602
2019-12-26 18:15:05,077 [   1552]   INFO - .incremental.IncProjectBuilder - Building project; isRebuild:true; isMake:false parallel compilation:false
2019-12-26 18:15:05,080 [   1555]   INFO - kotlin.jps.build.KotlinBuilder - is Kotlin incremental compilation enabled for JVM: true
2019-12-26 18:15:05,080 [   1555]   INFO - kotlin.jps.build.KotlinBuilder - is Kotlin incremental compilation enabled for JS: false
2019-12-26 18:15:05,083 [   1558]   INFO - kotlin.jps.build.KotlinBuilder - is Kotlin compiler daemon enabled: true
2019-12-26 18:15:05,106 [   1581]   INFO - s.index.CompilerReferenceIndex - backward reference index version differ due to: class java.io.FileNotFoundException
2019-12-26 18:15:05,445 [   1920]   INFO - .incremental.IncProjectBuilder - Cleaned output directories in 10 ms
2019-12-26 18:15:06,582 [      0]   INFO - etbrains.jps.cmdline.BuildMain - ==================================================
2019-12-26 18:15:06,582 [      0]   INFO - etbrains.jps.cmdline.BuildMain - Build process started. Classpath: C:/Users/Administrator/.gradle/caches/modules-2/files-2.1/com.jetbrains.intellij.idea/ideaIU/2018.3.6/2e2c15e56d37d92191897f961b66978907e5e3f8/ideaIU-2018.3.6/lib/jps-launcher.jar;C:/Program Files/Java/jdk1.8.0_202/lib/tools.jar;C:/Users/Administrator/.gradle/caches/modules-2/files-2.1/com.jetbrains.intellij.idea/ideaIU/2018.3.6/2e2c15e56d37d92191897f961b66978907e5e3f8/ideaIU-2018.3.6/lib/optimizedFileManager.jar
2019-12-26 18:15:07,153 [    571]   INFO - etbrains.jps.cmdline.BuildMain - Connection to IDE established in 547 ms
2019-12-26 18:15:07,165 [    583]   INFO - penapi.util.io.win32.IdeaWin32 - Native filesystem for Windows is operational
2019-12-26 18:15:07,182 [    600]   INFO - jps.cmdline.JpsModelLoaderImpl - Loading model: project path = E:/booststrap, global options path = E:/GradelDemos/DotaPackage/build/idea-sandbox/config/options
2019-12-26 18:15:07,573 [    991]   INFO - jps.cmdline.JpsModelLoaderImpl - Model loaded in 391 ms
2019-12-26 18:15:07,573 [    991]   INFO - jps.cmdline.JpsModelLoaderImpl - Project has 1 modules, 32 libraries
2019-12-26 18:15:07,665 [   1083]   INFO - ellij.util.io.PagedFileStorage - lower=100; upper=500; buffer=10; max=602
2019-12-26 18:15:07,789 [   1207]   INFO - etbrains.jps.cmdline.BuildMain - Pre-loaded process ready in 1208 ms
2019-12-26 22:14:27,698 [14361116]   INFO - etbrains.jps.cmdline.BuildMain - Build canceled, but no build session is running. Exiting.
