2019-12-28 22:09:31,371 [  20719]   INFO - llij.ide.plugins.PluginManager - com.intellij.tapestry loaded 82 classes 
2019-12-28 22:09:31,371 [  20719]   INFO - llij.ide.plugins.PluginManager - Java EE: Web Services (JAX-WS) loaded 81 classes 
2019-12-28 22:09:31,371 [  20719]   INFO - llij.ide.plugins.PluginManager - CVS loaded 79 classes 
2019-12-28 22:09:31,371 [  20719]   INFO - llij.ide.plugins.PluginManager - org.jetbrains.plugins.gradle loaded 78 classes 
2019-12-28 22:09:31,371 [  20719]   INFO - llij.ide.plugins.PluginManager - com.intellij.jsp loaded 78 classes 
2019-12-28 22:09:31,371 [  20719]   INFO - llij.ide.plugins.PluginManager - spy-js loaded 76 classes 
2019-12-28 22:09:31,371 [  20719]   INFO - llij.ide.plugins.PluginManager - com.intellij.dmserver loaded 74 classes 
2019-12-28 22:09:31,372 [  20720]   INFO - llij.ide.plugins.PluginManager - XPathView loaded 72 classes 
2019-12-28 22:09:31,372 [  20720]   INFO - llij.ide.plugins.PluginManager - com.intellij.properties loaded 67 classes 
2019-12-28 22:09:31,372 [  20720]   INFO - llij.ide.plugins.PluginManager - org.editorconfig.editorconfigjetbrains loaded 66 classes 
2019-12-28 22:09:31,372 [  20720]   INFO - llij.ide.plugins.PluginManager - com.intellij.aspectj loaded 63 classes 
2019-12-28 22:09:31,372 [  20720]   INFO - llij.ide.plugins.PluginManager - Subversion loaded 60 classes 
2019-12-28 22:09:31,372 [  20720]   INFO - llij.ide.plugins.PluginManager - org.jetbrains.plugins.less loaded 59 classes 
2019-12-28 22:09:31,372 [  20720]   INFO - llij.ide.plugins.PluginManager - com.jetbrains.restClient loaded 57 classes 
2019-12-28 22:09:31,372 [  20720]   INFO - llij.ide.plugins.PluginManager - DevKit loaded 53 classes 
2019-12-28 22:09:31,372 [  20720]   INFO - llij.ide.plugins.PluginManager - JavaScriptDebugger loaded 53 classes 
2019-12-28 22:09:31,372 [  20720]   INFO - llij.ide.plugins.PluginManager - org.intellij.plugins.markdown loaded 50 classes 
2019-12-28 22:09:31,372 [  20720]   INFO - llij.ide.plugins.PluginManager - com.intellij.struts2 loaded 50 classes 
2019-12-28 22:09:31,372 [  20720]   INFO - llij.ide.plugins.PluginManager - com.intellij.diagram loaded 46 classes 
2019-12-28 22:09:31,372 [  20720]   INFO - llij.ide.plugins.PluginManager - StrutsAssistant loaded 46 classes 
2019-12-28 22:09:31,372 [  20720]   INFO - llij.ide.plugins.PluginManager - org.coffeescript loaded 46 classes 
2019-12-28 22:09:31,372 [  20720]   INFO - llij.ide.plugins.PluginManager - org.jetbrains.plugins.yaml loaded 44 classes 
2019-12-28 22:09:31,372 [  20720]   INFO - llij.ide.plugins.PluginManager - com.intellij.spring.boot loaded 44 classes 
2019-12-28 22:09:31,372 [  20720]   INFO - llij.ide.plugins.PluginManager - com.intellij.aop loaded 43 classes 
2019-12-28 22:09:31,372 [  20720]   INFO - llij.ide.plugins.PluginManager - Coverage loaded 43 classes 
2019-12-28 22:09:31,372 [  20720]   INFO - llij.ide.plugins.PluginManager - com.intellij.velocity loaded 41 classes 
2019-12-28 22:09:31,372 [  20720]   INFO - llij.ide.plugins.PluginManager - GlassFish loaded 40 classes 
2019-12-28 22:09:31,372 [  20720]   INFO - llij.ide.plugins.PluginManager - com.intellij.jsf loaded 37 classes 
2019-12-28 22:09:31,372 [  20720]   INFO - llij.ide.plugins.PluginManager - WebSphere loaded 37 classes 
2019-12-28 22:09:31,372 [  20720]   INFO - llij.ide.plugins.PluginManager - org.jetbrains.settingsRepository loaded 37 classes 
2019-12-28 22:09:31,372 [  20720]   INFO - llij.ide.plugins.PluginManager - org.jetbrains.plugins.javaFX loaded 37 classes 
2019-12-28 22:09:31,372 [  20720]   INFO - llij.ide.plugins.PluginManager - AntSupport loaded 35 classes 
2019-12-28 22:09:31,372 [  20720]   INFO - llij.ide.plugins.PluginManager - org.jetbrains.plugins.stylus loaded 34 classes 
2019-12-28 22:09:31,372 [  20720]   INFO - llij.ide.plugins.PluginManager - Osmorc loaded 34 classes 
2019-12-28 22:09:31,372 [  20720]   INFO - llij.ide.plugins.PluginManager - Tomcat loaded 33 classes 
2019-12-28 22:09:31,372 [  20720]   INFO - llij.ide.plugins.PluginManager - com.intellij.play loaded 33 classes 
2019-12-28 22:09:31,372 [  20720]   INFO - llij.ide.plugins.PluginManager - com.intellij.drools loaded 32 classes 
2019-12-28 22:09:31,372 [  20720]   INFO - llij.ide.plugins.PluginManager - com.jetbrains.restWebServices loaded 30 classes 
2019-12-28 22:09:31,372 [  20720]   INFO - llij.ide.plugins.PluginManager - JBoss loaded 29 classes 
2019-12-28 22:09:31,372 [  20720]   INFO - llij.ide.plugins.PluginManager - Refactor-X loaded 28 classes 
2019-12-28 22:09:31,372 [  20720]   INFO - llij.ide.plugins.PluginManager - PerforceDirectPlugin loaded 28 classes 
2019-12-28 22:09:31,372 [  20720]   INFO - llij.ide.plugins.PluginManager - com.intellij.jboss.arquillian loaded 28 classes 
2019-12-28 22:09:31,372 [  20720]   INFO - llij.ide.plugins.PluginManager - org.jetbrains.plugins.github loaded 28 classes 
2019-12-28 22:09:31,372 [  20720]   INFO - llij.ide.plugins.PluginManager - com.intellij.guice loaded 25 classes 
2019-12-28 22:09:31,372 [  20720]   INFO - llij.ide.plugins.PluginManager - com.intellij.dsm loaded 24 classes 
2019-12-28 22:09:31,372 [  20720]   INFO - llij.ide.plugins.PluginManager - com.intellij.cdi loaded 23 classes 
2019-12-28 22:09:31,372 [  20720]   INFO - llij.ide.plugins.PluginManager - gherkin loaded 22 classes 
2019-12-28 22:09:31,372 [  20720]   INFO - llij.ide.plugins.PluginManager - com.intellij.jbpm loaded 22 classes 
2019-12-28 22:09:31,372 [  20720]   INFO - llij.ide.plugins.PluginManager - com.intellij.appengine loaded 22 classes 
2019-12-28 22:09:31,372 [  20720]   INFO - llij.ide.plugins.PluginManager - HtmlTools loaded 20 classes 
2019-12-28 22:09:31,372 [  20720]   INFO - llij.ide.plugins.PluginManager - JUnit loaded 19 classes 
2019-12-28 22:09:31,373 [  20721]   INFO - llij.ide.plugins.PluginManager - TFS loaded 19 classes 
2019-12-28 22:09:31,373 [  20721]   INFO - llij.ide.plugins.PluginManager - Weblogic loaded 19 classes 
2019-12-28 22:09:31,373 [  20721]   INFO - llij.ide.plugins.PluginManager - OpenShift loaded 18 classes 
2019-12-28 22:09:31,373 [  20721]   INFO - llij.ide.plugins.PluginManager - com.intellij.seam loaded 18 classes 
2019-12-28 22:09:31,373 [  20721]   INFO - llij.ide.plugins.PluginManager - com.intellij.CloudConfig loaded 18 classes 
2019-12-28 22:09:31,373 [  20721]   INFO - llij.ide.plugins.PluginManager - Geronimo loaded 17 classes 
2019-12-28 22:09:31,373 [  20721]   INFO - llij.ide.plugins.PluginManager - org.jetbrains.plugins.terminal loaded 17 classes 
2019-12-28 22:09:31,373 [  20721]   INFO - llij.ide.plugins.PluginManager - com.intellij.javaee.view loaded 17 classes 
2019-12-28 22:09:31,373 [  20721]   INFO - llij.ide.plugins.PluginManager - Resin loaded 16 classes 
2019-12-28 22:09:31,373 [  20721]   INFO - llij.ide.plugins.PluginManager - org.jetbrains.plugins.haml loaded 16 classes 
2019-12-28 22:09:31,373 [  20721]   INFO - llij.ide.plugins.PluginManager - TestNG-J loaded 16 classes 
2019-12-28 22:09:31,373 [  20721]   INFO - llij.ide.plugins.PluginManager - Jetty loaded 15 classes 
2019-12-28 22:09:31,373 [  20721]   INFO - llij.ide.plugins.PluginManager - com.intellij.spring.webflow loaded 15 classes 
2019-12-28 22:09:31,373 [  20721]   INFO - llij.ide.plugins.PluginManager - com.intellij.hibernate loaded 14 classes 
2019-12-28 22:09:31,373 [  20721]   INFO - llij.ide.plugins.PluginManager - org.jetbrains.plugins.remote-run loaded 14 classes 
2019-12-28 22:09:31,373 [  20721]   INFO - llij.ide.plugins.PluginManager - com.intellij.javaee.batch loaded 12 classes 
2019-12-28 22:09:31,373 [  20721]   INFO - llij.ide.plugins.PluginManager - com.intellij.persistence loaded 12 classes 
2019-12-28 22:09:31,373 [  20721]   INFO - llij.ide.plugins.PluginManager - CloudBees loaded 12 classes 
2019-12-28 22:09:31,373 [  20721]   INFO - llij.ide.plugins.PluginManager - org.jetbrains.idea.eclipse loaded 11 classes 
2019-12-28 22:09:31,373 [  20721]   INFO - llij.ide.plugins.PluginManager - Heroku loaded 11 classes 
2019-12-28 22:09:31,373 [  20721]   INFO - llij.ide.plugins.PluginManager - com.jetbrains.performancePlugin loaded 11 classes 
2019-12-28 22:09:31,373 [  20721]   INFO - llij.ide.plugins.PluginManager - tslint loaded 10 classes 
2019-12-28 22:09:31,373 [  20721]   INFO - llij.ide.plugins.PluginManager - com.intellij.spring.ws loaded 10 classes 
2019-12-28 22:09:31,373 [  20721]   INFO - llij.ide.plugins.PluginManager - com.intellij.seam.pageflow loaded 9 classes 
2019-12-28 22:09:31,373 [  20721]   INFO - llij.ide.plugins.PluginManager - com.intellij.seam.pages loaded 9 classes 
2019-12-28 22:09:31,373 [  20721]   INFO - llij.ide.plugins.PluginManager - com.intellij.beanValidation loaded 9 classes 
2019-12-28 22:09:31,373 [  20721]   INFO - llij.ide.plugins.PluginManager - com.intellij.spring.data loaded 9 classes 
2019-12-28 22:09:31,373 [  20721]   INFO - llij.ide.plugins.PluginManager - com.intellij.thymeleaf loaded 8 classes 
2019-12-28 22:09:31,373 [  20721]   INFO - llij.ide.plugins.PluginManager - com.intellij.javaee.extensions loaded 7 classes 
2019-12-28 22:09:31,373 [  20721]   INFO - llij.ide.plugins.PluginManager - J2ME loaded 7 classes 
2019-12-28 22:09:31,373 [  20721]   INFO - llij.ide.plugins.PluginManager - com.jetbrains.plugins.asp loaded 7 classes 
2019-12-28 22:09:31,373 [  20721]   INFO - llij.ide.plugins.PluginManager - org.jetbrains.java.decompiler loaded 7 classes 
2019-12-28 22:09:31,373 [  20721]   INFO - llij.ide.plugins.PluginManager - com.elle.DotaPackage loaded 7 classes 
2019-12-28 22:09:31,373 [  20721]   INFO - llij.ide.plugins.PluginManager - CloudFoundry loaded 6 classes 
2019-12-28 22:09:31,373 [  20721]   INFO - llij.ide.plugins.PluginManager - org.intellij.intelliLang loaded 6 classes 
2019-12-28 22:09:31,373 [  20721]   INFO - llij.ide.plugins.PluginManager - com.intellij.copyright loaded 6 classes 
2019-12-28 22:09:31,373 [  20721]   INFO - llij.ide.plugins.PluginManager - com.intellij.tasks.timeTracking loaded 6 classes 
2019-12-28 22:09:31,373 [  20721]   INFO - llij.ide.plugins.PluginManager - com.android.tools.idea.smali loaded 5 classes 
2019-12-28 22:09:31,373 [  20721]   INFO - llij.ide.plugins.PluginManager - com.intellij.vaadin loaded 5 classes 
2019-12-28 22:09:31,373 [  20721]   INFO - llij.ide.plugins.PluginManager - com.intellij.spring.mvc loaded 5 classes 
2019-12-28 22:09:31,373 [  20721]   INFO - llij.ide.plugins.PluginManager - com.intellij.java-i18n loaded 5 classes 
2019-12-28 22:09:31,373 [  20721]   INFO - llij.ide.plugins.PluginManager - org.jetbrains.idea.maven.ext loaded 4 classes 
2019-12-28 22:09:31,373 [  20721]   INFO - llij.ide.plugins.PluginManager - XSLT-Debugger loaded 4 classes 
2019-12-28 22:09:31,373 [  20721]   INFO - llij.ide.plugins.PluginManager - com.intellij.spring.integration loaded 3 classes 
2019-12-28 22:09:31,373 [  20721]   INFO - llij.ide.plugins.PluginManager - W3Validators loaded 2 classes 
2019-12-28 22:09:31,373 [  20721]   INFO - llij.ide.plugins.PluginManager - JSR45Plugin loaded 2 classes 
2019-12-28 22:09:31,373 [  20721]   INFO - llij.ide.plugins.PluginManager - com.intellij.spring.batch loaded 2 classes 
2019-12-28 22:09:31,373 [  20721]   INFO - llij.ide.plugins.PluginManager - ByteCodeViewer loaded 2 classes 
2019-12-28 22:09:31,373 [  20721]   INFO - llij.ide.plugins.PluginManager - com.intellij.spring.security loaded 2 classes 
2019-12-28 22:09:31,373 [  20721]   INFO - llij.ide.plugins.PluginManager - cucumber-java loaded 2 classes 
2019-12-28 22:09:31,373 [  20721]   INFO - llij.ide.plugins.PluginManager - Emma loaded 1 classes 
2019-12-28 22:09:31,373 [  20721]   INFO - llij.ide.plugins.PluginManager - com.intellij.spring.osgi loaded 1 classes 
2019-12-28 22:09:31,373 [  20721]   INFO - llij.ide.plugins.PluginManager - cucumber-groovy loaded 1 classes 
2019-12-28 22:09:31,373 [  20721]   INFO - llij.ide.plugins.PluginManager - com.intellij.javaee.webSocket loaded 1 classes 
2019-12-28 22:09:31,373 [  20721]   INFO - llij.ide.plugins.PluginManager - com.intellij.spring.websocket loaded 1 classes 
2019-12-28 22:09:31,684 [  21032]   INFO - pl.projectlevelman.NewMappings - VCS Root: [Git] - [E:/booststrap] 
2019-12-28 22:09:32,262 [  21610]   INFO - j.compiler.server.BuildManager - BUILDER_PROCESS [stderr]: SLF4J: Failed to load class "org.slf4j.impl.StaticLoggerBinder". 
2019-12-28 22:09:32,262 [  21610]   INFO - j.compiler.server.BuildManager - BUILDER_PROCESS [stdout]: Build process started. Classpath: C:/Users/Administrator/.gradle/caches/modules-2/files-2.1/com.jetbrains.intellij.idea/ideaIU/2018.3.6/2e2c15e56d37d92191897f961b66978907e5e3f8/ideaIU-2018.3.6/lib/jps-launcher.jar;C:/Program Files/Java/jdk1.8.0_202/lib/tools.jar;C:/Users/Administrator/.gradle/caches/modules-2/files-2.1/com.jetbrains.intellij.idea/ideaIU/2018.3.6/2e2c15e56d37d92191897f961b66978907e5e3f8/ideaIU-2018.3.6/lib/optimizedFileManager.jar 
2019-12-28 22:09:32,268 [  21616]   INFO - j.compiler.server.BuildManager - BUILDER_PROCESS [stderr]: SLF4J: Defaulting to no-operation (NOP) logger implementation 
2019-12-28 22:09:32,268 [  21616]   INFO - j.compiler.server.BuildManager - BUILDER_PROCESS [stderr]: SLF4J: See http://www.slf4j.org/codes.html#StaticLoggerBinder for further details. 
2019-12-28 22:09:33,386 [  22734]   INFO - .diagnostic.PerformanceWatcher - Indexable file iteration took 6153ms; general responsiveness: ok; EDT responsiveness: 2/7 sluggish, 2/7 very slow 
2019-12-28 22:09:33,391 [  22739]   INFO - penapi.project.DumbServiceImpl - Running dumb mode task: initial refresh 
2019-12-28 22:09:33,694 [  23042]   INFO - penapi.project.DumbServiceImpl - updateFinished 
2019-12-28 22:09:33,696 [  23044]   INFO - g.FileBasedIndexProjectHandler - Has changed files: false; project=Project 'E:\booststrap' booststrap 
2019-12-28 22:09:33,948 [  23296]   INFO - j.ide.ui.OptionsTopHitProvider - 243 ms spent to cache options in project 
2019-12-28 22:09:33,949 [  23297]   INFO - tartup.impl.StartupManagerImpl - Some post-startup activities freeze UI for noticeable time. Please consider making them DumbAware to do them in background under modal progress, or just making them faster to speed up project opening. 
2019-12-28 22:09:33,949 [  23297]   INFO - tartup.impl.StartupManagerImpl - Activity run in 244ms on UI thread 
2019-12-28 22:09:34,006 [  23354]   INFO - cloudConfig.CloudConfigManager - === StatusBar ignored === 
2019-12-28 22:09:34,276 [  23624]   INFO - j.ide.ui.OptionsTopHitProvider - 143 ms spent on EDT to cache options in project 
2019-12-28 22:09:34,295 [  23643]   INFO - penapi.project.DumbServiceImpl - Running dumb mode task: com.android.tools.idea.res.ResourceFolderRepositoryFileCacheImpl$PruneTask@78d210ac 
2019-12-28 22:09:34,334 [  23682]   INFO - penapi.project.DumbServiceImpl - Running dumb mode task: com.android.tools.idea.res.ResourceFolderRepositoryFileCacheImpl$ManageLruProjectFilesTask@42864dff 
2019-12-28 22:09:34,384 [  23732]   INFO - penapi.project.DumbServiceImpl - updateFinished 
2019-12-28 22:09:34,384 [  23732]   INFO - g.FileBasedIndexProjectHandler - Has changed files: false; project=Project 'E:\booststrap' booststrap 
2019-12-28 22:09:34,440 [  23788]   INFO - penapi.project.DumbServiceImpl - Running dumb mode task: com.android.tools.idea.res.ResourceFolderRegistry$PopulateCachesTask@6b684fe2 
2019-12-28 22:09:34,472 [  23820]   INFO - penapi.project.DumbServiceImpl - updateFinished 
2019-12-28 22:09:34,473 [  23821]   INFO - g.FileBasedIndexProjectHandler - Has changed files: false; project=Project 'E:\booststrap' booststrap 
2019-12-28 22:09:34,855 [  24203]   INFO - j.compiler.server.BuildManager - Using preloaded build process to compile E:\booststrap 
2019-12-28 22:09:35,029 [  24377]   INFO - ntellij.internal.IconsLoadTime - SVG load time: total=306.62ms, average=3.07ms, median=5.30ms; number of icons: 100 
2019-12-28 22:09:39,001 [  28349]   INFO - rammaticConfigurationCollector - findAllApplicationContextInheritors: 2ms #1 
2019-12-28 22:09:39,832 [  29180]   INFO - s.CompilerReferenceServiceBase - backward reference index reader is opened 
2019-12-28 22:09:40,613 [  29961]   INFO - rammaticConfigurationCollector - collect: 1612ms 
2019-12-28 22:09:40,613 [  29961]   INFO - .diagnostic.PerformanceWatcher - Spring Config Check [1 modules] took 5874ms; general responsiveness: 1/6 sluggish; EDT responsiveness: ok 
2019-12-28 22:09:40,653 [  30001]   INFO - j.compiler.server.BuildManager - BUILDER_PROCESS [stdout]: Build process started. Classpath: C:/Users/Administrator/.gradle/caches/modules-2/files-2.1/com.jetbrains.intellij.idea/ideaIU/2018.3.6/2e2c15e56d37d92191897f961b66978907e5e3f8/ideaIU-2018.3.6/lib/jps-launcher.jar;C:/Program Files/Java/jdk1.8.0_202/lib/tools.jar;C:/Users/Administrator/.gradle/caches/modules-2/files-2.1/com.jetbrains.intellij.idea/ideaIU/2018.3.6/2e2c15e56d37d92191897f961b66978907e5e3f8/ideaIU-2018.3.6/lib/optimizedFileManager.jar 
2019-12-28 22:09:41,062 [  30410]   INFO - j.compiler.server.BuildManager - BUILDER_PROCESS [stderr]: SLF4J: Failed to load class "org.slf4j.impl.StaticLoggerBinder". 
2019-12-28 22:09:41,062 [  30410]   INFO - j.compiler.server.BuildManager - BUILDER_PROCESS [stderr]: SLF4J: Defaulting to no-operation (NOP) logger implementation 
2019-12-28 22:09:41,062 [  30410]   INFO - j.compiler.server.BuildManager - BUILDER_PROCESS [stderr]: SLF4J: See http://www.slf4j.org/codes.html#StaticLoggerBinder for further details. 
2019-12-28 22:10:08,141 [  57489]  ERROR - on.CompletionProgressIndicator - com.google.gson.JsonNull cannot be cast to com.google.gson.JsonObject 
java.lang.ClassCastException: com.google.gson.JsonNull cannot be cast to com.google.gson.JsonObject
	at utils.CompletionProviderUtils.lambda$createFromPsiItemsForLuaFunc$1(CompletionProviderUtils.java:65)
	at java.lang.Iterable.forEach(Iterable.java:75)
	at utils.CompletionProviderUtils.createFromPsiItemsForLuaFunc(CompletionProviderUtils.java:64)
	at provider.lua.LuaFuncCompletionProvider.addCollectedVariables(LuaFuncCompletionProvider.java:42)
	at provider.lua.LuaFuncCompletionProvider.addCustomCompletions(LuaFuncCompletionProvider.java:36)
	at provider.base.AbstractCompletionProvider.addCompletions(AbstractCompletionProvider.java:30)
	at com.intellij.codeInsight.completion.CompletionProvider.addCompletionVariants(CompletionProvider.java:36)
	at com.intellij.codeInsight.completion.CompletionContributor.fillCompletionVariants(CompletionContributor.java:141)
	at com.intellij.codeInsight.completion.CompletionService.getVariantsFromContributors(CompletionService.java:87)
	at com.intellij.codeInsight.completion.CompletionResultSet.runRemainingContributors(CompletionResultSet.java:149)
	at com.intellij.codeInsight.completion.CompletionResultSet.runRemainingContributors(CompletionResultSet.java:142)
	at com.intellij.codeInsight.template.impl.LiveTemplateCompletionContributor$2.addCompletions(LiveTemplateCompletionContributor.java:96)
	at com.intellij.codeInsight.completion.CompletionProvider.addCompletionVariants(CompletionProvider.java:36)
	at com.intellij.codeInsight.completion.CompletionContributor.fillCompletionVariants(CompletionContributor.java:141)
	at com.intellij.codeInsight.completion.CompletionService.getVariantsFromContributors(CompletionService.java:87)
	at com.intellij.codeInsight.completion.impl.CompletionServiceImpl.performCompletion(CompletionServiceImpl.java:63)
	at com.intellij.codeInsight.completion.CompletionProgressIndicator.calculateItems(CompletionProgressIndicator.java:827)
	at com.intellij.codeInsight.completion.CompletionProgressIndicator.runContributors(CompletionProgressIndicator.java:812)
	at com.intellij.codeInsight.completion.CodeCompletionHandlerBase.lambda$null$2(CodeCompletionHandlerBase.java:272)
	at com.intellij.openapi.application.impl.ApplicationImpl.tryRunReadAction(ApplicationImpl.java:1168)
	at com.intellij.codeInsight.completion.AsyncCompletion.tryReadOrCancel(CompletionThreading.java:169)
	at com.intellij.codeInsight.completion.CodeCompletionHandlerBase.lambda$doComplete$3(CodeCompletionHandlerBase.java:269)
	at com.intellij.codeInsight.completion.AsyncCompletion.lambda$null$0(CompletionThreading.java:95)
	at com.intellij.openapi.progress.impl.CoreProgressManager.lambda$runProcess$2(CoreProgressManager.java:164)
	at com.intellij.openapi.progress.impl.CoreProgressManager.registerIndicatorAndRun(CoreProgressManager.java:582)
	at com.intellij.openapi.progress.impl.CoreProgressManager.executeProcessUnderProgress(CoreProgressManager.java:532)
	at com.intellij.openapi.progress.impl.ProgressManagerImpl.executeProcessUnderProgress(ProgressManagerImpl.java:87)
	at com.intellij.openapi.progress.impl.CoreProgressManager.runProcess(CoreProgressManager.java:151)
	at com.intellij.codeInsight.completion.AsyncCompletion.lambda$startThread$1(CompletionThreading.java:91)
	at com.intellij.openapi.application.impl.ApplicationImpl$1.run(ApplicationImpl.java:314)
	at java.util.concurrent.Executors$RunnableAdapter.call(Executors.java:511)
	at java.util.concurrent.FutureTask.run(FutureTask.java:266)
	at java.util.concurrent.ThreadPoolExecutor.runWorker(ThreadPoolExecutor.java:1142)
	at java.util.concurrent.ThreadPoolExecutor$Worker.run(ThreadPoolExecutor.java:617)
	at java.lang.Thread.run(Thread.java:745)
2019-12-28 22:10:08,146 [  57494]  ERROR - on.CompletionProgressIndicator - IntelliJ IDEA 2018.3.6  Build #IU-183.6156.11 
2019-12-28 22:10:08,146 [  57494]  ERROR - on.CompletionProgressIndicator - JDK: 1.8.0_152-release; VM: OpenJDK 64-Bit Server VM; Vendor: JetBrains s.r.o 
2019-12-28 22:10:08,146 [  57494]  ERROR - on.CompletionProgressIndicator - OS: Windows 10 
2019-12-28 22:10:08,150 [  57498]  ERROR - on.CompletionProgressIndicator - Plugin to blame: DOTA-Pack version: 1.0-SNAPSHOT 
2019-12-28 22:10:08,150 [  57498]  ERROR - on.CompletionProgressIndicator - Last Action: EditorBackSpace 
2019-12-28 22:10:08,150 [  57498]  ERROR - on.CompletionProgressIndicator - Current Command: Backspace 
2019-12-28 22:10:11,297 [  60645]   INFO - j.compiler.server.BuildManager - Using preloaded build process to compile E:\booststrap 
2019-12-28 22:10:11,470 [  60818]   INFO - s.CompilerReferenceServiceBase - backward reference index reader is opened 
2019-12-28 22:10:11,908 [  61256]   INFO - j.compiler.server.BuildManager - BUILDER_PROCESS [stdout]: Build process started. Classpath: C:/Users/Administrator/.gradle/caches/modules-2/files-2.1/com.jetbrains.intellij.idea/ideaIU/2018.3.6/2e2c15e56d37d92191897f961b66978907e5e3f8/ideaIU-2018.3.6/lib/jps-launcher.jar;C:/Program Files/Java/jdk1.8.0_202/lib/tools.jar;C:/Users/Administrator/.gradle/caches/modules-2/files-2.1/com.jetbrains.intellij.idea/ideaIU/2018.3.6/2e2c15e56d37d92191897f961b66978907e5e3f8/ideaIU-2018.3.6/lib/optimizedFileManager.jar 
2019-12-28 22:10:11,941 [  61289]   INFO - j.compiler.server.BuildManager - BUILDER_PROCESS [stderr]: SLF4J: Failed to load class "org.slf4j.impl.StaticLoggerBinder". 
2019-12-28 22:10:11,941 [  61289]   INFO - j.compiler.server.BuildManager - BUILDER_PROCESS [stderr]: SLF4J: Defaulting to no-operation (NOP) logger implementation 
2019-12-28 22:10:11,941 [  61289]   INFO - j.compiler.server.BuildManager - BUILDER_PROCESS [stderr]: SLF4J: See http://www.slf4j.org/codes.html#StaticLoggerBinder for further details. 
2019-12-28 22:11:04,185 [ 113533]  ERROR - on.CompletionProgressIndicator - com.google.gson.JsonNull cannot be cast to com.google.gson.JsonObject 
java.lang.ClassCastException: com.google.gson.JsonNull cannot be cast to com.google.gson.JsonObject
	at utils.CompletionProviderUtils.lambda$createFromPsiItemsForLuaFunc$1(CompletionProviderUtils.java:65)
	at java.lang.Iterable.forEach(Iterable.java:75)
	at utils.CompletionProviderUtils.createFromPsiItemsForLuaFunc(CompletionProviderUtils.java:64)
	at provider.lua.LuaFuncCompletionProvider.addCollectedVariables(LuaFuncCompletionProvider.java:42)
	at provider.lua.LuaFuncCompletionProvider.addCustomCompletions(LuaFuncCompletionProvider.java:36)
	at provider.base.AbstractCompletionProvider.addCompletions(AbstractCompletionProvider.java:30)
	at com.intellij.codeInsight.completion.CompletionProvider.addCompletionVariants(CompletionProvider.java:36)
	at com.intellij.codeInsight.completion.CompletionContributor.fillCompletionVariants(CompletionContributor.java:141)
	at com.intellij.codeInsight.completion.CompletionService.getVariantsFromContributors(CompletionService.java:87)
	at com.intellij.codeInsight.completion.CompletionResultSet.runRemainingContributors(CompletionResultSet.java:149)
	at com.intellij.codeInsight.completion.CompletionResultSet.runRemainingContributors(CompletionResultSet.java:142)
	at com.intellij.codeInsight.template.impl.LiveTemplateCompletionContributor$2.addCompletions(LiveTemplateCompletionContributor.java:96)
	at com.intellij.codeInsight.completion.CompletionProvider.addCompletionVariants(CompletionProvider.java:36)
	at com.intellij.codeInsight.completion.CompletionContributor.fillCompletionVariants(CompletionContributor.java:141)
	at com.intellij.codeInsight.completion.CompletionService.getVariantsFromContributors(CompletionService.java:87)
	at com.intellij.codeInsight.completion.impl.CompletionServiceImpl.performCompletion(CompletionServiceImpl.java:63)
	at com.intellij.codeInsight.completion.CompletionProgressIndicator.calculateItems(CompletionProgressIndicator.java:827)
	at com.intellij.codeInsight.completion.CompletionProgressIndicator.runContributors(CompletionProgressIndicator.java:812)
	at com.intellij.codeInsight.completion.CodeCompletionHandlerBase.lambda$null$2(CodeCompletionHandlerBase.java:272)
	at com.intellij.openapi.application.impl.ApplicationImpl.tryRunReadAction(ApplicationImpl.java:1168)
	at com.intellij.codeInsight.completion.AsyncCompletion.tryReadOrCancel(CompletionThreading.java:169)
	at com.intellij.codeInsight.completion.CodeCompletionHandlerBase.lambda$doComplete$3(CodeCompletionHandlerBase.java:269)
	at com.intellij.codeInsight.completion.AsyncCompletion.lambda$null$0(CompletionThreading.java:95)
	at com.intellij.openapi.progress.impl.CoreProgressManager.lambda$runProcess$2(CoreProgressManager.java:164)
	at com.intellij.openapi.progress.impl.CoreProgressManager.registerIndicatorAndRun(CoreProgressManager.java:582)
	at com.intellij.openapi.progress.impl.CoreProgressManager.executeProcessUnderProgress(CoreProgressManager.java:532)
	at com.intellij.openapi.progress.impl.ProgressManagerImpl.executeProcessUnderProgress(ProgressManagerImpl.java:87)
	at com.intellij.openapi.progress.impl.CoreProgressManager.runProcess(CoreProgressManager.java:151)
	at com.intellij.codeInsight.completion.AsyncCompletion.lambda$startThread$1(CompletionThreading.java:91)
	at com.intellij.openapi.application.impl.ApplicationImpl$1.run(ApplicationImpl.java:314)
	at java.util.concurrent.Executors$RunnableAdapter.call(Executors.java:511)
	at java.util.concurrent.FutureTask.run(FutureTask.java:266)
	at java.util.concurrent.ThreadPoolExecutor.runWorker(ThreadPoolExecutor.java:1142)
	at java.util.concurrent.ThreadPoolExecutor$Worker.run(ThreadPoolExecutor.java:617)
	at java.lang.Thread.run(Thread.java:745)
2019-12-28 22:11:04,187 [ 113535]  ERROR - on.CompletionProgressIndicator - IntelliJ IDEA 2018.3.6  Build #IU-183.6156.11 
2019-12-28 22:11:04,187 [ 113535]  ERROR - on.CompletionProgressIndicator - JDK: 1.8.0_152-release; VM: OpenJDK 64-Bit Server VM; Vendor: JetBrains s.r.o 
2019-12-28 22:11:04,187 [ 113535]  ERROR - on.CompletionProgressIndicator - OS: Windows 10 
2019-12-28 22:11:04,293 [ 113641]  ERROR - on.CompletionProgressIndicator - Plugin to blame: DOTA-Pack version: 1.0-SNAPSHOT 
2019-12-28 22:11:04,293 [ 113641]  ERROR - on.CompletionProgressIndicator - Last Action: EditorBackSpace 
2019-12-28 22:11:13,161 [ 122509]   INFO - j.compiler.server.BuildManager - Using preloaded build process to compile E:\booststrap 
2019-12-28 22:11:13,367 [ 122715]   INFO - s.CompilerReferenceServiceBase - backward reference index reader is opened 
2019-12-28 22:11:13,837 [ 123185]   INFO - j.compiler.server.BuildManager - BUILDER_PROCESS [stdout]: Build process started. Classpath: C:/Users/Administrator/.gradle/caches/modules-2/files-2.1/com.jetbrains.intellij.idea/ideaIU/2018.3.6/2e2c15e56d37d92191897f961b66978907e5e3f8/ideaIU-2018.3.6/lib/jps-launcher.jar;C:/Program Files/Java/jdk1.8.0_202/lib/tools.jar;C:/Users/Administrator/.gradle/caches/modules-2/files-2.1/com.jetbrains.intellij.idea/ideaIU/2018.3.6/2e2c15e56d37d92191897f961b66978907e5e3f8/ideaIU-2018.3.6/lib/optimizedFileManager.jar 
2019-12-28 22:11:13,871 [ 123219]   INFO - j.compiler.server.BuildManager - BUILDER_PROCESS [stderr]: SLF4J: Failed to load class "org.slf4j.impl.StaticLoggerBinder". 
2019-12-28 22:11:13,871 [ 123219]   INFO - j.compiler.server.BuildManager - BUILDER_PROCESS [stderr]: SLF4J: Defaulting to no-operation (NOP) logger implementation 
2019-12-28 22:11:13,871 [ 123219]   INFO - j.compiler.server.BuildManager - BUILDER_PROCESS [stderr]: SLF4J: See http://www.slf4j.org/codes.html#StaticLoggerBinder for further details. 
2019-12-28 22:16:03,176 [ 412524]   WARN - ution.rmi.RemoteProcessSupport - java.rmi.ConnectIOException: error during JRMP connection establishment; nested exception is: 
2019-12-28 22:16:03,178 [ 412526]   WARN - ution.rmi.RemoteProcessSupport - java.net.SocketTimeoutException: Read timed out 
2019-12-28 22:16:03,178 [ 412526]   WARN - ution.rmi.RemoteProcessSupport - at sun.rmi.transport.tcp.TCPChannel.createConnection(TCPChannel.java:304) 
2019-12-28 22:16:03,178 [ 412526]   WARN - ution.rmi.RemoteProcessSupport - at sun.rmi.transport.tcp.TCPChannel.newConnection(TCPChannel.java:202) 
2019-12-28 22:16:03,178 [ 412526]   WARN - ution.rmi.RemoteProcessSupport - at sun.rmi.server.UnicastRef.invoke(UnicastRef.java:130) 
2019-12-28 22:16:03,178 [ 412526]   WARN - ution.rmi.RemoteProcessSupport - at java.rmi.server.RemoteObjectInvocationHandler.invokeRemoteMethod(RemoteObjectInvocationHandler.java:227) 
2019-12-28 22:16:03,178 [ 412526]   WARN - ution.rmi.RemoteProcessSupport - at java.rmi.server.RemoteObjectInvocationHandler.invoke(RemoteObjectInvocationHandler.java:179) 
2019-12-28 22:16:03,178 [ 412526]   WARN - ution.rmi.RemoteProcessSupport - at com.sun.proxy.$Proxy1.ping(Unknown Source) 
2019-12-28 22:16:03,178 [ 412526]   WARN - ution.rmi.RemoteProcessSupport - at com.intellij.execution.rmi.RemoteServer.start(RemoteServer.java:97) 
2019-12-28 22:16:03,178 [ 412526]   WARN - ution.rmi.RemoteProcessSupport - at org.jetbrains.idea.maven.server.RemoteMavenServer.main(RemoteMavenServer.java:22) 
2019-12-28 22:16:03,178 [ 412526]   WARN - ution.rmi.RemoteProcessSupport - Caused by: java.net.SocketTimeoutException: Read timed out 
2019-12-28 22:16:03,178 [ 412526]   WARN - ution.rmi.RemoteProcessSupport - at java.net.SocketInputStream.socketRead0(Native Method) 
2019-12-28 22:16:03,178 [ 412526]   WARN - ution.rmi.RemoteProcessSupport - at java.net.SocketInputStream.socketRead(SocketInputStream.java:116) 
2019-12-28 22:16:03,178 [ 412526]   WARN - ution.rmi.RemoteProcessSupport - at java.net.SocketInputStream.read(SocketInputStream.java:171) 
2019-12-28 22:16:03,178 [ 412526]   WARN - ution.rmi.RemoteProcessSupport - at java.net.SocketInputStream.read(SocketInputStream.java:141) 
2019-12-28 22:16:03,178 [ 412526]   WARN - ution.rmi.RemoteProcessSupport - at java.io.BufferedInputStream.fill(BufferedInputStream.java:246) 
2019-12-28 22:16:03,178 [ 412526]   WARN - ution.rmi.RemoteProcessSupport - at java.io.BufferedInputStream.read(BufferedInputStream.java:265) 
2019-12-28 22:16:03,178 [ 412526]   WARN - ution.rmi.RemoteProcessSupport - at java.io.DataInputStream.readByte(DataInputStream.java:265) 
2019-12-28 22:16:03,178 [ 412526]   WARN - ution.rmi.RemoteProcessSupport - at sun.rmi.transport.tcp.TCPChannel.createConnection(TCPChannel.java:246) 
2019-12-28 22:16:03,178 [ 412526]   WARN - ution.rmi.RemoteProcessSupport - ... 7 more 
